***************************************************************************

*
* Starting goal tracker at 2024-10-13 11:44:10.138938
*

== Find next game: v1/schedule/2024-10-13 2024-10-13 11:44:10.139222

No Toronto games today
Pausing for 8 hours as there is no game today

***************************************************************************

*
* Starting goal tracker at 2024-10-13 11:55:12.931448
*

== Find next game: v1/schedule/2024-10-13 2024-10-13 11:55:12.931799

No Toronto games today
Pausing for 8 hours as there is no game today

***************************************************************************

*
* Starting goal tracker at 2024-10-13 12:01:14.695713
*

== Find next game: v1/schedule/2024-10-13 2024-10-13 12:01:14.696085

No Toronto games today
Pausing for 8 hours as there is no game today

***************************************************************************
*
* Starting goal tracker at 1218 2024-10-13 12:20:24.279136
*

== Find next game: v1/schedule/2024-10-13 2024-10-13 12:20:24.279528

No Toronto games today
Pausing for 8 hours as there is no game today

***************************************************************************
*
* Starting goal tracker at 1218 2024-10-13 12:31:15.690513
*

== Find next game: v1/schedule/2024-10-13 2024-10-13 12:31:15.696815

No Toronto games today
Pausing for 8 hours as there is no game today

No active game

== Find next game: v1/schedule/2024-10-13 2024-10-13 20:36:16.362444

No Toronto games today
Pausing for 8 hours as there is no game today

No active game

== Find next game: v1/schedule/2024-10-14 2024-10-14 04:41:16.958242

No Toronto games today
Pausing for 8 hours as there is no game today

***************************************************************************
*
* Starting goal tracker at 1218 2024-10-14 10:50:40.069337
*

== Find next game: v1/schedule/2024-10-14 2024-10-14 10:50:40.069663

No Toronto games today
Pausing for 8 hours as there is no game today

***************************************************************************
*
* Starting goal tracker at 1218 2024-10-18 07:38:42.764188
*

== Find next game: v1/schedule/2024-10-18 2024-10-18 07:38:42.764536

No Toronto games today
Pausing for 8 hours as there is no game today

***************************************************************************
*
* Starting goal tracker at 1218 2024-10-18 13:20:59.273142
*

== Find next game: v1/schedule/2024-10-18 2024-10-18 13:20:59.273448

No Toronto games today
Pausing for 8 hours as there is no game today

No active game

== Find next game: v1/schedule/2024-10-18 2024-10-18 21:25:59.946326

No Toronto games today
Pausing for 8 hours as there is no game today

No active game

== Find next game: v1/schedule/2024-10-19 2024-10-19 05:31:00.510441

Toronto is playing today with gameId: 2024020079 starting at 2024-10-19 19:00:00-04:00
Toronto is the home team and playing against New York
Traceback (most recent call last):
  File "/home/rmayor/Projects/leafs_goal_light/goal_tracker.py", line 410, in <module>
    goal_tracker_main()
  File "/home/rmayor/Projects/leafs_goal_light/goal_tracker.py", line 363, in goal_tracker_main
    gameId = current_toronto_game()
             ^^^^^^^^^^^^^^^^^^^^^^
  File "/home/rmayor/Projects/leafs_goal_light/goal_tracker.py", line 203, in current_toronto_game
    elif (start_time - current_time) < 0:
         ^^^^^^^^^^^^^^^^^^^^^^^^^^^^^^^
TypeError: '<' not supported between instances of 'datetime.timedelta' and 'int'
***************************************************************************
*
* Starting goal tracker at 1218 2024-10-19 09:45:07.106986
*

Connected to Sonos Speaker: Office
Current Volume: 22
Attempting to play: http://192.168.86.61:5000/files/leafs_game_start.mp3
Track Info: {'title': '', 'artist': '', 'album': '', 'album_art': '', 'position': '0:00:00', 'playlist_position': '1', 'duration': '0:00:00', 'uri': 'http://192.168.86.61:5000/files/leafs_game_start.mp3', 'metadata': '<DIDL-Lite xmlns:dc="http://purl.org/dc/elements/1.1/" xmlns:upnp="urn:schemas-upnp-org:metadata-1-0/upnp/" xmlns:r="urn:schemas-rinconnetworks-com:metadata-1-0/" xmlns="urn:schemas-upnp-org:metadata-1-0/DIDL-Lite/"><item id="-1" parentID="-1" restricted="true"><res protocolInfo="http-get:*:application/octet-stream:*">http://192.168.86.61:5000/files/leafs_game_start.mp3</res><r:streamContent></r:streamContent><dc:title>leafs_game_start.mp3</dc:title><upnp:class>object.item</upnp:class></item></DIDL-Lite>'}
Current State: STOPPED
Playback did not start. Current state: STOPPED
Track Position after 1 seconds: 0:00:00
Track Position after 2 seconds: 0:00:00
Track Position after 3 seconds: 0:00:00
Track Position after 4 seconds: 0:00:00
Track Position after 5 seconds: 0:00:00
***************************************************************************
*
* Starting goal tracker at 1218 2024-10-19 09:58:32.380257
*

Connected to Sonos Speaker: Office
Current Volume: 22
Attempting to play: http://192.168.86.61:5000/files/leafs_game_start.mp3
Track Info: {'title': '', 'artist': '', 'album': '', 'album_art': '', 'position': '0:00:01', 'playlist_position': '1', 'duration': '0:00:06', 'uri': 'http://192.168.86.61:5000/files/leafs_game_start.mp3', 'metadata': '<DIDL-Lite xmlns:dc="http://purl.org/dc/elements/1.1/" xmlns:upnp="urn:schemas-upnp-org:metadata-1-0/upnp/" xmlns:r="urn:schemas-rinconnetworks-com:metadata-1-0/" xmlns="urn:schemas-upnp-org:metadata-1-0/DIDL-Lite/"><item id="-1" parentID="-1" restricted="true"><res protocolInfo="http-get:*:audio/mpeg:*" duration="0:00:06">http://192.168.86.61:5000/files/leafs_game_start.mp3</res><r:streamContent></r:streamContent><dc:title>leafs_game_start.mp3</dc:title><upnp:class>object.item.audioItem.musicTrack</upnp:class></item></DIDL-Lite>'}
Current State: PLAYING
Playback started successfully.
Track Position after 1 seconds: 0:00:01
Track Position after 2 seconds: 0:00:02
Track Position after 3 seconds: 0:00:04
Track Position after 4 seconds: 0:00:05
Track Position after 5 seconds: 0:00:06
***************************************************************************
*
* Starting goal tracker at 1218 2024-10-19 10:02:29.274771
*

Connected to Sonos Speaker: Office
Current Volume: 22
Attempting to play: http://192.168.86.61:5000/files/leafs_game_start.mp3
Track Info: {'title': '', 'artist': '', 'album': '', 'album_art': '', 'position': '0:00:01', 'playlist_position': '1', 'duration': '0:00:06', 'uri': 'http://192.168.86.61:5000/files/leafs_game_start.mp3', 'metadata': '<DIDL-Lite xmlns:dc="http://purl.org/dc/elements/1.1/" xmlns:upnp="urn:schemas-upnp-org:metadata-1-0/upnp/" xmlns:r="urn:schemas-rinconnetworks-com:metadata-1-0/" xmlns="urn:schemas-upnp-org:metadata-1-0/DIDL-Lite/"><item id="-1" parentID="-1" restricted="true"><res protocolInfo="http-get:*:audio/mpeg:*" duration="0:00:06">http://192.168.86.61:5000/files/leafs_game_start.mp3</res><r:streamContent></r:streamContent><dc:title>leafs_game_start.mp3</dc:title><upnp:class>object.item.audioItem.musicTrack</upnp:class></item></DIDL-Lite>'}
Current State: PLAYING
Playback started successfully.
Track Position after 1 seconds: 0:00:01
Track Position after 2 seconds: 0:00:03
Track Position after 3 seconds: 0:00:04
Track Position after 4 seconds: 0:00:05
Track Position after 5 seconds: 0:00:06
***************************************************************************
*
* Starting goal tracker at 1218 2024-10-19 10:21:32.814880
*

Connected to Sonos Speaker: Office
Current Volume: 22
Attempting to play: http://192.168.86.61:5000/files/leafs_game_start.mp3
Track Info: {'title': '', 'artist': '', 'album': '', 'album_art': '', 'position': '0:00:00', 'playlist_position': '1', 'duration': '0:00:06', 'uri': 'http://192.168.86.61:5000/files/leafs_game_start.mp3', 'metadata': '<DIDL-Lite xmlns:dc="http://purl.org/dc/elements/1.1/" xmlns:upnp="urn:schemas-upnp-org:metadata-1-0/upnp/" xmlns:r="urn:schemas-rinconnetworks-com:metadata-1-0/" xmlns="urn:schemas-upnp-org:metadata-1-0/DIDL-Lite/"><item id="-1" parentID="-1" restricted="true"><res protocolInfo="http-get:*:audio/mpeg:*" duration="0:00:06">http://192.168.86.61:5000/files/leafs_game_start.mp3</res><r:streamContent></r:streamContent><dc:title>leafs_game_start.mp3</dc:title><upnp:class>object.item.audioItem.musicTrack</upnp:class></item></DIDL-Lite>'}
Current State: STOPPED
Playback did not start. Current state: STOPPED
Track Position after 1 seconds: 0:00:00
Track Position after 2 seconds: 0:00:00
Track Position after 3 seconds: 0:00:00
Track Position after 4 seconds: 0:00:00
Track Position after 5 seconds: 0:00:00
Traceback (most recent call last):
  File "/home/rmayor/Projects/leafs_goal_light/goal_tracker.py", line 421, in <module>
    goal_tracker_main()
  File "/home/rmayor/Projects/leafs_goal_light/goal_tracker.py", line 361, in goal_tracker_main
    sleep(5)
    ^^^^^
NameError: name 'sleep' is not defined
***************************************************************************
*
* Starting goal tracker at 1218 2024-10-19 10:24:59.055047
*

Connected to Sonos Speaker: Office
Current Volume: 22
Attempting to play: http://192.168.86.61:5000/files/leafs_game_start.mp3
Track Info: {'title': '', 'artist': '', 'album': '', 'album_art': '', 'position': '0:00:01', 'playlist_position': '1', 'duration': '0:00:06', 'uri': 'http://192.168.86.61:5000/files/leafs_game_start.mp3', 'metadata': '<DIDL-Lite xmlns:dc="http://purl.org/dc/elements/1.1/" xmlns:upnp="urn:schemas-upnp-org:metadata-1-0/upnp/" xmlns:r="urn:schemas-rinconnetworks-com:metadata-1-0/" xmlns="urn:schemas-upnp-org:metadata-1-0/DIDL-Lite/"><item id="-1" parentID="-1" restricted="true"><res protocolInfo="http-get:*:audio/mpeg:*" duration="0:00:06">http://192.168.86.61:5000/files/leafs_game_start.mp3</res><r:streamContent></r:streamContent><dc:title>leafs_game_start.mp3</dc:title><upnp:class>object.item.audioItem.musicTrack</upnp:class></item></DIDL-Lite>'}
Current State: PLAYING
Playback started successfully.
Track Position after 1 seconds: 0:00:02
Track Position after 2 seconds: 0:00:03
Track Position after 3 seconds: 0:00:04
Track Position after 4 seconds: 0:00:05
Track Position after 5 seconds: 0:00:06
Connected to Sonos Speaker: Office
Current Volume: 22
Attempting to play: http://192.168.86.61:5000/files/leafs_goal_horn.mp3
Track Info: {'title': '', 'artist': '', 'album': '', 'album_art': '', 'position': '0:00:01', 'playlist_position': '1', 'duration': '0:00:06', 'uri': 'http://192.168.86.61:5000/files/leafs_goal_horn.mp3', 'metadata': '<DIDL-Lite xmlns:dc="http://purl.org/dc/elements/1.1/" xmlns:upnp="urn:schemas-upnp-org:metadata-1-0/upnp/" xmlns:r="urn:schemas-rinconnetworks-com:metadata-1-0/" xmlns="urn:schemas-upnp-org:metadata-1-0/DIDL-Lite/"><item id="-1" parentID="-1" restricted="true"><res protocolInfo="http-get:*:audio/mpeg:*" duration="0:00:06">http://192.168.86.61:5000/files/leafs_goal_horn.mp3</res><r:streamContent></r:streamContent><dc:title>leafs_goal_horn.mp3</dc:title><upnp:class>object.item.audioItem.musicTrack</upnp:class></item></DIDL-Lite>'}
Current State: PLAYING
Playback started successfully.
Track Position after 1 seconds: 0:00:02
Track Position after 2 seconds: 0:00:03
Track Position after 3 seconds: 0:00:04
Track Position after 4 seconds: 0:00:05
Track Position after 5 seconds: 0:00:06
***************************************************************************
*
* Starting goal tracker at 1218 2024-10-19 11:22:25.017174
*

Connected to Sonos Speaker: FamilyRoom2
Current Volume: 23
Attempting to play: http://192.168.86.61:5000/files/leafs_game_start.mp3
Track Info: {'title': '', 'artist': '', 'album': '', 'album_art': '', 'position': '0:00:00', 'playlist_position': '1', 'duration': '0:00:06', 'uri': 'http://192.168.86.61:5000/files/leafs_game_start.mp3', 'metadata': '<DIDL-Lite xmlns:dc="http://purl.org/dc/elements/1.1/" xmlns:upnp="urn:schemas-upnp-org:metadata-1-0/upnp/" xmlns:r="urn:schemas-rinconnetworks-com:metadata-1-0/" xmlns="urn:schemas-upnp-org:metadata-1-0/DIDL-Lite/"><item id="-1" parentID="-1" restricted="true"><res protocolInfo="http-get:*:audio/mpeg:*" duration="0:00:06">http://192.168.86.61:5000/files/leafs_game_start.mp3</res><r:streamContent></r:streamContent><dc:title>leafs_game_start.mp3</dc:title><upnp:class>object.item.audioItem.musicTrack</upnp:class></item></DIDL-Lite>'}
Current State: PLAYING
Playback started successfully.
Track Position after 1 seconds: 0:00:00
Track Position after 2 seconds: 0:00:02
Track Position after 3 seconds: 0:00:03
Track Position after 4 seconds: 0:00:04
Track Position after 5 seconds: 0:00:05
Successfully sent POST request to webhook
Connected to Sonos Speaker: FamilyRoom2
Current Volume: 23
Attempting to play: http://192.168.86.61:5000/files/leafs_goal_horn.mp3
Track Info: {'title': '', 'artist': '', 'album': '', 'album_art': '', 'position': '0:00:00', 'playlist_position': '1', 'duration': '0:00:06', 'uri': 'http://192.168.86.61:5000/files/leafs_goal_horn.mp3', 'metadata': '<DIDL-Lite xmlns:dc="http://purl.org/dc/elements/1.1/" xmlns:upnp="urn:schemas-upnp-org:metadata-1-0/upnp/" xmlns:r="urn:schemas-rinconnetworks-com:metadata-1-0/" xmlns="urn:schemas-upnp-org:metadata-1-0/DIDL-Lite/"><item id="-1" parentID="-1" restricted="true"><res protocolInfo="http-get:*:audio/mpeg:*" duration="0:00:06">http://192.168.86.61:5000/files/leafs_goal_horn.mp3</res><r:streamContent></r:streamContent><dc:title>leafs_goal_horn.mp3</dc:title><upnp:class>object.item.audioItem.musicTrack</upnp:class></item></DIDL-Lite>'}
Current State: PLAYING
Playback started successfully.
Track Position after 1 seconds: 0:00:00
Track Position after 2 seconds: 0:00:01
Track Position after 3 seconds: 0:00:03
Track Position after 4 seconds: 0:00:04
Track Position after 5 seconds: 0:00:05
***************************************************************************
*
* Starting goal tracker at 1218 2024-10-19 12:48:15.549822
*

Connected to Sonos Speaker: FamilyRoom2
Current Volume: 23
Attempting to play: http://192.168.86.61:5000/files/leafs_game_start.mp3
Track Info: {'title': '', 'artist': '', 'album': '', 'album_art': '', 'position': '0:00:00', 'playlist_position': '1', 'duration': '0:00:06', 'uri': 'http://192.168.86.61:5000/files/leafs_game_start.mp3', 'metadata': '<DIDL-Lite xmlns:dc="http://purl.org/dc/elements/1.1/" xmlns:upnp="urn:schemas-upnp-org:metadata-1-0/upnp/" xmlns:r="urn:schemas-rinconnetworks-com:metadata-1-0/" xmlns="urn:schemas-upnp-org:metadata-1-0/DIDL-Lite/"><item id="-1" parentID="-1" restricted="true"><res protocolInfo="http-get:*:audio/mpeg:*" duration="0:00:06">http://192.168.86.61:5000/files/leafs_game_start.mp3</res><r:streamContent></r:streamContent><dc:title>leafs_game_start.mp3</dc:title><upnp:class>object.item.audioItem.musicTrack</upnp:class></item></DIDL-Lite>'}
Current State: PLAYING
Playback started successfully.
Track Position after 1 seconds: 0:00:00
Track Position after 2 seconds: 0:00:01
Track Position after 3 seconds: 0:00:03
Track Position after 4 seconds: 0:00:04
Track Position after 5 seconds: 0:00:05
Successfully sent POST request to webhook
Connected to Sonos Speaker: FamilyRoom2
Current Volume: 23
Attempting to play: http://192.168.86.61:5000/files/leafs_goal_horn.mp3
Track Info: {'title': '', 'artist': '', 'album': '', 'album_art': '', 'position': '0:00:00', 'playlist_position': '1', 'duration': '0:00:06', 'uri': 'http://192.168.86.61:5000/files/leafs_goal_horn.mp3', 'metadata': '<DIDL-Lite xmlns:dc="http://purl.org/dc/elements/1.1/" xmlns:upnp="urn:schemas-upnp-org:metadata-1-0/upnp/" xmlns:r="urn:schemas-rinconnetworks-com:metadata-1-0/" xmlns="urn:schemas-upnp-org:metadata-1-0/DIDL-Lite/"><item id="-1" parentID="-1" restricted="true"><res protocolInfo="http-get:*:audio/mpeg:*" duration="0:00:06">http://192.168.86.61:5000/files/leafs_goal_horn.mp3</res><r:streamContent></r:streamContent><dc:title>leafs_goal_horn.mp3</dc:title><upnp:class>object.item.audioItem.musicTrack</upnp:class></item></DIDL-Lite>'}
Current State: PLAYING
Playback started successfully.
Track Position after 1 seconds: 0:00:01
Track Position after 2 seconds: 0:00:02
Track Position after 3 seconds: 0:00:03
Track Position after 4 seconds: 0:00:04
Track Position after 5 seconds: 0:00:05
***************************************************************************
*
* Starting goal tracker at 1218 2024-10-19 12:57:40.752058
*

Connected to Sonos Speaker: FamilyRoom2
Current Volume: 23
Attempting to play: http://192.168.86.61:5000/files/leafs_game_start.mp3
Track Info: {'title': '', 'artist': '', 'album': '', 'album_art': '', 'position': '0:00:00', 'playlist_position': '1', 'duration': '0:00:06', 'uri': 'http://192.168.86.61:5000/files/leafs_game_start.mp3', 'metadata': '<DIDL-Lite xmlns:dc="http://purl.org/dc/elements/1.1/" xmlns:upnp="urn:schemas-upnp-org:metadata-1-0/upnp/" xmlns:r="urn:schemas-rinconnetworks-com:metadata-1-0/" xmlns="urn:schemas-upnp-org:metadata-1-0/DIDL-Lite/"><item id="-1" parentID="-1" restricted="true"><res protocolInfo="http-get:*:audio/mpeg:*" duration="0:00:06">http://192.168.86.61:5000/files/leafs_game_start.mp3</res><r:streamContent></r:streamContent><dc:title>leafs_game_start.mp3</dc:title><upnp:class>object.item.audioItem.musicTrack</upnp:class></item></DIDL-Lite>'}
Current State: PLAYING
Playback started successfully.
Track Position after 1 seconds: 0:00:00
Track Position after 2 seconds: 0:00:02
Track Position after 3 seconds: 0:00:03
Track Position after 4 seconds: 0:00:04
Track Position after 5 seconds: 0:00:05
Successfully sent POST request to webhook
Connected to Sonos Speaker: FamilyRoom2
Current Volume: 23
Attempting to play: http://192.168.86.61:5000/files/leafs_goal_horn.mp3
Track Info: {'title': '', 'artist': '', 'album': '', 'album_art': '', 'position': '0:00:00', 'playlist_position': '1', 'duration': '0:00:06', 'uri': 'http://192.168.86.61:5000/files/leafs_goal_horn.mp3', 'metadata': '<DIDL-Lite xmlns:dc="http://purl.org/dc/elements/1.1/" xmlns:upnp="urn:schemas-upnp-org:metadata-1-0/upnp/" xmlns:r="urn:schemas-rinconnetworks-com:metadata-1-0/" xmlns="urn:schemas-upnp-org:metadata-1-0/DIDL-Lite/"><item id="-1" parentID="-1" restricted="true"><res protocolInfo="http-get:*:audio/mpeg:*" duration="0:00:06">http://192.168.86.61:5000/files/leafs_goal_horn.mp3</res><r:streamContent></r:streamContent><dc:title>leafs_goal_horn.mp3</dc:title><upnp:class>object.item.audioItem.musicTrack</upnp:class></item></DIDL-Lite>'}
Current State: PLAYING
Playback started successfully.
Track Position after 1 seconds: 0:00:00
Track Position after 2 seconds: 0:00:02
Track Position after 3 seconds: 0:00:03
Track Position after 4 seconds: 0:00:04
Track Position after 5 seconds: 0:00:05
